0 silly argv {
0 silly argv   _: [ 'version' ],
0 silly argv   lernaVersion: '5.1.6',
0 silly argv   '$0': '/opt/homebrew/bin/lerna'
0 silly argv }
1 notice cli v5.1.6
2 verbose rootPath /Users/ted.wen/Desktop/lerna-repo
3 info current version 0.0.0
4 silly isAnythingCommitted
5 verbose isAnythingCommitted 1
6 silly getCurrentBranch
7 verbose currentBranch master
8 silly remoteBranchExists
9 silly isBehindUpstream
10 silly isBehindUpstream master is behind origin/master by 0 commit(s) and ahead by 0
11 silly hasTags
12 verbose hasTags true
13 silly git-describe.sync "v1.0.1-1-g813c470" => {"lastTagName":"v1.0.1","lastVersion":"v1.0.1","refCount":"1","sha":"813c470","isDirty":false}
14 info Looking for changed packages since v1.0.1
15 silly checking diff packages/cp-web
16 silly found diff in packages/cp-web/.babelrc
16 silly found diff in packages/cp-web/README.md
16 silly found diff in packages/cp-web/__tests__/cp-web.test.js
16 silly found diff in packages/cp-web/index.js
16 silly found diff in packages/cp-web/package-lock.json
16 silly found diff in packages/cp-web/package.json
16 silly found diff in packages/cp-web/src/components/Button/Button.stories.js
16 silly found diff in packages/cp-web/src/components/Button/Flat.js
16 silly found diff in packages/cp-web/src/components/Button/Outline.js
16 silly found diff in packages/cp-web/src/components/Button/Solid.js
16 silly found diff in packages/cp-web/src/components/Button/index.js
16 silly found diff in packages/cp-web/webpack.config.js
17 verbose filtered diff [
17 verbose filtered diff   'packages/cp-web/.babelrc',
17 verbose filtered diff   'packages/cp-web/README.md',
17 verbose filtered diff   'packages/cp-web/__tests__/cp-web.test.js',
17 verbose filtered diff   'packages/cp-web/index.js',
17 verbose filtered diff   'packages/cp-web/package-lock.json',
17 verbose filtered diff   'packages/cp-web/package.json',
17 verbose filtered diff   'packages/cp-web/src/components/Button/Button.stories.js',
17 verbose filtered diff   'packages/cp-web/src/components/Button/Flat.js',
17 verbose filtered diff   'packages/cp-web/src/components/Button/Outline.js',
17 verbose filtered diff   'packages/cp-web/src/components/Button/Solid.js',
17 verbose filtered diff   'packages/cp-web/src/components/Button/index.js',
17 verbose filtered diff   'packages/cp-web/webpack.config.js'
17 verbose filtered diff ]
18 silly checking diff packages/host
19 silly found diff in packages/host/.babelrc
19 silly found diff in packages/host/README.md
19 silly found diff in packages/host/__tests__/host.test.js
19 silly found diff in packages/host/index.js
19 silly found diff in packages/host/lib/main.js
19 silly found diff in packages/host/lib/main.js.LICENSE.txt
19 silly found diff in packages/host/package-lock.json
19 silly found diff in packages/host/package.json
19 silly found diff in packages/host/src/components/Button/Button.stories.js
19 silly found diff in packages/host/src/components/Button/Flat.js
19 silly found diff in packages/host/src/components/Button/Outline.js
19 silly found diff in packages/host/src/components/Button/Solid.js
19 silly found diff in packages/host/src/components/Button/index.js
19 silly found diff in packages/host/webpack.config.js
20 verbose filtered diff [
20 verbose filtered diff   'packages/host/.babelrc',
20 verbose filtered diff   'packages/host/README.md',
20 verbose filtered diff   'packages/host/__tests__/host.test.js',
20 verbose filtered diff   'packages/host/index.js',
20 verbose filtered diff   'packages/host/lib/main.js',
20 verbose filtered diff   'packages/host/lib/main.js.LICENSE.txt',
20 verbose filtered diff   'packages/host/package-lock.json',
20 verbose filtered diff   'packages/host/package.json',
20 verbose filtered diff   'packages/host/src/components/Button/Button.stories.js',
20 verbose filtered diff   'packages/host/src/components/Button/Flat.js',
20 verbose filtered diff   'packages/host/src/components/Button/Outline.js',
20 verbose filtered diff   'packages/host/src/components/Button/Solid.js',
20 verbose filtered diff   'packages/host/src/components/Button/index.js',
20 verbose filtered diff   'packages/host/webpack.config.js'
20 verbose filtered diff ]
21 verbose updated @ted-wen-ui-library/cp
22 verbose updated @ted-wen-ui-library/host
23 verbose git-describe undefined => "v1.0.1-1-g813c470"
24 silly git-describe parsed => {"lastTagName":"v1.0.1","lastVersion":"v1.0.1","refCount":"1","sha":"813c470","isDirty":false}
25 info execute Skipping releases
26 silly lifecycle No script for "preversion" in "root", continuing
27 silly lifecycle No script for "preversion" in "@ted-wen-ui-library/cp", continuing
28 silly lifecycle No script for "preversion" in "@ted-wen-ui-library/host", continuing
29 silly lifecycle No script for "version" in "@ted-wen-ui-library/host", continuing
30 silly lifecycle No script for "version" in "@ted-wen-ui-library/cp", continuing
31 silly lifecycle No script for "version" in "root", continuing
32 silly gitAdd [
32 silly gitAdd   'packages/host/package.json',
32 silly gitAdd   'packages/host/package-lock.json',
32 silly gitAdd   'packages/cp-web/package.json',
32 silly gitAdd   'packages/cp-web/package-lock.json',
32 silly gitAdd   'lerna.json'
32 silly gitAdd ]
33 silly gitCommit v1.0.0
34 verbose git [ 'commit', '-m', 'v1.0.0' ]
35 silly gitTag v1.0.0
36 verbose git [ 'tag', 'v1.0.0', '-m', 'v1.0.0' ]
37 error Error: Command failed with exit code 128: git tag v1.0.0 -m v1.0.0
37 error fatal: tag 'v1.0.0' already exists
37 error     at makeError (/Users/ted.wen/.config/yarn/global/node_modules/execa/lib/error.js:60:11)
37 error     at handlePromise (/Users/ted.wen/.config/yarn/global/node_modules/execa/index.js:118:26)
37 error     at processTicksAndRejections (node:internal/process/task_queues:96:5)
37 error     at async Promise.all (index 0)
